Library/Bee/Android/Prj/Mono2x/Gradle/unityLibrary/build/intermediates/manifest_merge_blame_file/release/manifest-merger-blame-release-report.txt
1<?xml version="1.0" encoding="utf-8"?>
2<manifest xmlns:android="http://schemas.android.com/apk/res/android"
3    xmlns:tools="http://schemas.android.com/tools"
4    package="com.unity3d.player"
5    android:installLocation="preferExternal"
6    android:versionCode="1"
7    android:versionName="0.1" >
8
9    <uses-sdk
9-->src/main/AndroidManifest.xml:3:3-61
10        android:minSdkVersion="26"
10-->src/main/AndroidManifest.xml:3:3-61
11        android:targetSdkVersion="26"
11-->src/main/AndroidManifest.xml:3:3-61
12        tools:overrideLibrary="com.nreal.glasses_sdk" />
12-->src/main/AndroidManifest.xml:3:13-58
13
14    <supports-screens
14-->src/main/AndroidManifest.xml:4:3-163
15        android:anyDensity="true"
15-->src/main/AndroidManifest.xml:4:135-160
16        android:largeScreens="true"
16-->src/main/AndroidManifest.xml:4:78-105
17        android:normalScreens="true"
17-->src/main/AndroidManifest.xml:4:49-77
18        android:smallScreens="true"
18-->src/main/AndroidManifest.xml:4:21-48
19        android:xlargeScreens="true" />
19-->src/main/AndroidManifest.xml:4:106-134
20
21    <uses-permission android:name="android.permission.BLUETOOTH" />
21-->src/main/AndroidManifest.xml:21:3-66
21-->src/main/AndroidManifest.xml:21:20-63
22
23    <uses-feature android:glEsVersion="0x00030000" />
23-->src/main/AndroidManifest.xml:22:3-52
23-->src/main/AndroidManifest.xml:22:17-49
24
25    <uses-permission android:name="android.permission.INTERNET" />
25-->src/main/AndroidManifest.xml:23:3-65
25-->src/main/AndroidManifest.xml:23:20-62
26    <uses-permission android:name="android.permission.VIBRATE" />
26-->src/main/AndroidManifest.xml:24:3-64
26-->src/main/AndroidManifest.xml:24:20-61
27    <uses-permission android:name="android.permission.ACCESS_NETWORK_STATE" />
27-->src/main/AndroidManifest.xml:25:3-77
27-->src/main/AndroidManifest.xml:25:20-74
28    <uses-permission android:name="android.permission.WRITE_EXTERNAL_STORAGE" />
28-->src/main/AndroidManifest.xml:26:3-79
28-->src/main/AndroidManifest.xml:26:20-76
29
30    <uses-feature
30-->src/main/AndroidManifest.xml:27:3-88
31        android:name="android.hardware.touchscreen"
31-->src/main/AndroidManifest.xml:27:17-60
32        android:required="false" />
32-->src/main/AndroidManifest.xml:27:61-85
33    <uses-feature
33-->src/main/AndroidManifest.xml:28:3-99
34        android:name="android.hardware.touchscreen.multitouch"
34-->src/main/AndroidManifest.xml:28:17-71
35        android:required="false" />
35-->src/main/AndroidManifest.xml:28:72-96
36    <uses-feature
36-->src/main/AndroidManifest.xml:29:3-108
37        android:name="android.hardware.touchscreen.multitouch.distinct"
37-->src/main/AndroidManifest.xml:29:17-80
38        android:required="false" />
38-->src/main/AndroidManifest.xml:29:81-105
39
40    <application
40-->src/main/AndroidManifest.xml:5:3-20:17
41        android:extractNativeLibs="true"
41-->src/main/AndroidManifest.xml:5:123-155
42        android:icon="@mipmap/app_icon"
42-->src/main/AndroidManifest.xml:5:58-89
43        android:label="@string/app_name"
43-->src/main/AndroidManifest.xml:5:90-122
44        android:theme="@style/UnityThemeSelector" >
44-->src/main/AndroidManifest.xml:5:16-57
45        <activity
45-->src/main/AndroidManifest.xml:6:5-12:16
46            android:name="com.unity3d.player.UnityPlayerActivity"
46-->src/main/AndroidManifest.xml:6:15-68
47            android:configChanges="mcc|mnc|locale|touchscreen|keyboard|keyboardHidden|navigation|orientation|screenLayout|uiMode|screenSize|smallestScreenSize|fontScale|layoutDirection|density"
47-->src/main/AndroidManifest.xml:6:138-319
48            android:hardwareAccelerated="false"
48-->src/main/AndroidManifest.xml:6:355-390
49            android:launchMode="singleTask"
49-->src/main/AndroidManifest.xml:6:106-137
50            android:resizeableActivity="false"
50-->src/main/AndroidManifest.xml:6:320-354
51            android:screenOrientation="portrait" >
51-->src/main/AndroidManifest.xml:6:69-105
52            <intent-filter>
52-->src/main/AndroidManifest.xml:7:7-10:23
53                <action android:name="android.intent.action.MAIN" />
53-->src/main/AndroidManifest.xml:8:9-61
53-->src/main/AndroidManifest.xml:8:17-58
54
55                <category android:name="android.intent.category.LAUNCHER" />
55-->src/main/AndroidManifest.xml:9:9-69
55-->src/main/AndroidManifest.xml:9:19-66
56            </intent-filter>
57
58            <meta-data
58-->src/main/AndroidManifest.xml:11:7-78
59                android:name="android.notch_support"
59-->src/main/AndroidManifest.xml:11:18-54
60                android:value="true" />
60-->src/main/AndroidManifest.xml:11:55-75
61        </activity>
62
63        <meta-data
63-->src/main/AndroidManifest.xml:13:5-64
64            android:name="nreal_sdk"
64-->src/main/AndroidManifest.xml:13:16-40
65            android:value="true" />
65-->src/main/AndroidManifest.xml:13:41-61
66        <meta-data
66-->src/main/AndroidManifest.xml:14:5-94
67            android:name="com.nreal.supportDevices"
67-->src/main/AndroidManifest.xml:14:16-55
68            android:value="NrealLight|NrealAir" />
68-->src/main/AndroidManifest.xml:14:56-91
69        <meta-data
69-->src/main/AndroidManifest.xml:15:5-69
70            android:name="unity.splash-mode"
70-->src/main/AndroidManifest.xml:15:16-48
71            android:value="0" />
71-->src/main/AndroidManifest.xml:15:49-66
72        <meta-data
72-->src/main/AndroidManifest.xml:16:5-74
73            android:name="unity.splash-enable"
73-->src/main/AndroidManifest.xml:16:16-50
74            android:value="True" />
74-->src/main/AndroidManifest.xml:16:51-71
75        <meta-data
75-->src/main/AndroidManifest.xml:17:5-78
76            android:name="unity.launch-fullscreen"
76-->src/main/AndroidManifest.xml:17:16-54
77            android:value="True" />
77-->src/main/AndroidManifest.xml:17:55-75
78        <meta-data
78-->src/main/AndroidManifest.xml:18:5-84
79            android:name="unity.allow-resizable-window"
79-->src/main/AndroidManifest.xml:18:16-59
80            android:value="False" />
80-->src/main/AndroidManifest.xml:18:60-81
81        <meta-data
81-->src/main/AndroidManifest.xml:19:5-81
82            android:name="notch.config"
82-->src/main/AndroidManifest.xml:19:16-43
83            android:value="portrait|landscape" />
83-->src/main/AndroidManifest.xml:19:44-78
84    </application>
85
86</manifest>